<?xml version="1.0" encoding="utf-8"?><testsuites name="pytest tests"><testsuite name="pytest" errors="0" failures="0" skipped="0" tests="15" time="32.326" timestamp="2026-08-28T08:38:01.843776+00:00" hostname="agent-env-4e6bb037-bf7a-4d7f-b75d-05b88a1a09cc"><testcase classname="tests.test_paimana_api" name="test_root" time="0.174" /><testcase classname="tests.test_paimana_api" name="test_dashboard" time="1.862" /><testcase classname="tests.test_paimana_api" name="test_projects_list" time="1.837" /><testcase classname="tests.test_paimana_api" name="test_projects_search" time="1.852" /><testcase classname="tests.test_paimana_api" name="test_projects_filter_ministry" time="1.814" /><testcase classname="tests.test_paimana_api" name="test_project_detail" time="1.676" /><testcase classname="tests.test_paimana_api" name="test_project_detail_404" time="1.410" /><testcase classname="tests.test_paimana_api" name="test_alerts" time="0.063" /><testcase classname="tests.test_paimana_api" name="test_upload_invalid_month" time="0.049" /><testcase classname="tests.test_paimana_api" name="test_upload_valid_pdf_no_table" time="1.177" /><testcase classname="tests.test_paimana_api" name="test_upload_real_pdf_2026_04" time="2.408" /><testcase classname="tests.test_paimana_api" name="test_upload_real_pdf_2026_05_and_history" time="5.887" /><testcase classname="tests.test_paimana_api" name="test_reupload_same_month_no_duplicates" time="5.794" /><testcase classname="tests.test_paimana_api" name="test_projects_trend_seeded" time="1.822" /><testcase classname="tests.test_paimana_api" name="test_upload_idempotent_same_month" time="4.141" /></testsuite></testsuites>